<?xml version="1.0" encoding="UTF-8"?>
<testng-results ignored="0" total="2" passed="2" failed="0" skipped="0">
  <reporter-output>
  </reporter-output>
  <suite started-at="2022-05-24T18:50:16 IST" name="WalletHub" finished-at="2022-05-24T18:52:52 IST" duration-ms="155332">
    <groups>
    </groups>
    <test started-at="2022-05-24T18:50:16 IST" name="FBPost" finished-at="2022-05-24T18:51:10 IST" duration-ms="53893">
      <class name="com.wallethub.wallethubTest.FacebookPostMessage">
        <test-method is-config="true" signature="initBrowsers(java.lang.String, java.lang.String)[pri:0, instance:com.wallethub.wallethubTest.FacebookPostMessage@1a7288a3]" started-at="2022-05-24T18:50:17 IST" name="initBrowsers" finished-at="2022-05-24T18:50:32 IST" duration-ms="15785" status="PASS">
          <params>
            <param index="0">
              <value>
                <![CDATA[chrome]]>
              </value>
            </param>
            <param index="1">
              <value>
                <![CDATA[https://www.facebook.com/]]>
              </value>
            </param>
          </params>
          <reporter-output>
          </reporter-output>
        </test-method> <!-- initBrowsers -->
        <test-method signature="facebookPostMessage()[pri:0, instance:com.wallethub.wallethubTest.FacebookPostMessage@1a7288a3]" started-at="2022-05-24T18:50:32 IST" name="facebookPostMessage" finished-at="2022-05-24T18:51:10 IST" duration-ms="37669" status="PASS">
          <reporter-output>
          </reporter-output>
        </test-method> <!-- facebookPostMessage -->
        <test-method is-config="true" signature="quitBrowsers()[pri:0, instance:com.wallethub.wallethubTest.FacebookPostMessage@1a7288a3]" started-at="2022-05-24T18:51:10 IST" name="quitBrowsers" finished-at="2022-05-24T18:51:10 IST" duration-ms="118" status="PASS">
          <reporter-output>
          </reporter-output>
        </test-method> <!-- quitBrowsers -->
      </class> <!-- com.wallethub.wallethubTest.FacebookPostMessage -->
    </test> <!-- FBPost -->
    <test started-at="2022-05-24T18:51:16 IST" name="WalletHubReviewTest" finished-at="2022-05-24T18:52:52 IST" duration-ms="95844">
      <class name="com.wallethub.wallethubTest.WalletHubReviewTest">
        <test-method is-config="true" signature="initBrowsers(java.lang.String, java.lang.String)[pri:0, instance:com.wallethub.wallethubTest.WalletHubReviewTest@57eda880]" started-at="2022-05-24T18:51:16 IST" name="initBrowsers" finished-at="2022-05-24T18:51:39 IST" duration-ms="22980" status="PASS">
          <params>
            <param index="0">
              <value>
                <![CDATA[chrome]]>
              </value>
            </param>
            <param index="1">
              <value>
                <![CDATA[https://wallethub.com/profile/test-insurance-company-13732055i]]>
              </value>
            </param>
          </params>
          <reporter-output>
          </reporter-output>
        </test-method> <!-- initBrowsers -->
        <test-method signature="walletHubReviewTest()[pri:0, instance:com.wallethub.wallethubTest.WalletHubReviewTest@57eda880]" started-at="2022-05-24T18:51:39 IST" name="walletHubReviewTest" finished-at="2022-05-24T18:52:51 IST" duration-ms="72669" status="PASS">
          <reporter-output>
          </reporter-output>
        </test-method> <!-- walletHubReviewTest -->
        <test-method is-config="true" signature="quitBrowsers()[pri:0, instance:com.wallethub.wallethubTest.WalletHubReviewTest@57eda880]" started-at="2022-05-24T18:52:51 IST" name="quitBrowsers" finished-at="2022-05-24T18:52:52 IST" duration-ms="176" status="PASS">
          <reporter-output>
          </reporter-output>
        </test-method> <!-- quitBrowsers -->
      </class> <!-- com.wallethub.wallethubTest.WalletHubReviewTest -->
    </test> <!-- WalletHubReviewTest -->
  </suite> <!-- WalletHub -->
</testng-results>
